#
# A fatal error has been detected by the Java Runtime Environment:
#
#  EXCEPTION_ACCESS_VIOLATION (0xc0000005) at pc=0x000000005b565a53, pid=1528, tid=0x0000000000002b98
#
# JRE version: Java(TM) SE Runtime Environment (8.0_271-b09) (build 1.8.0_271-b09)
# Java VM: Java HotSpot(TM) 64-Bit Server VM (25.271-b09 mixed mode windows-amd64 compressed oops)
# Problematic frame:
# V  [jvm.dll+0x115a53]
#
# Failed to write core dump. Minidumps are not enabled by default on client versions of Windows
#
# If you would like to submit a bug report, please visit:
#   http://bugreport.java.com/bugreport/crash.jsp
#

---------------  T H R E A D  ---------------

Current thread (0x000001b3ddb5f000):  VMThread [stack: 0x0000006ebe600000,0x0000006ebe700000] [id=11160]

siginfo: ExceptionCode=0xc0000005, reading address 0xffffffffffffffff

Registers:
RAX=0x000000000000003f, RBX=0x0000006ebe6ff590, RCX=0x0000006ebe6ff590, RDX=0xffffffffffffcb3f
RSP=0x0000006ebe6ff3b0, RBP=0x0000000000000000, RSI=0x00000000000000a7, RDI=0x0000000000000029
R8 =0x000000000000003f, R9 =0x000001b3dd965db0, R10=0x03ffffffffffff2c, R11=0x000001b3dd530151
R12=0x000001b3dd965d10, R13=0x0000000000000000, R14=0x000000005b565a30, R15=0x0000000000000129
RIP=0x000000005b565a53, EFLAGS=0x0000000000010a03

Top of Stack: (sp=0x0000006ebe6ff3b0)
0x0000006ebe6ff3b0:   000001b3dd530220 0000000000000129
0x0000006ebe6ff3c0:   0000006ebe6ff590 000000005b56588e
0x0000006ebe6ff3d0:   0000006ebe6ff590 000000005b56986f
0x0000006ebe6ff3e0:   0000006ebe6ff590 00000000000000a7
0x0000006ebe6ff3f0:   000001b3ddb5f000 000000005b4e7198
0x0000006ebe6ff400:   000001b3dd530220 0000006ebe6ff460
0x0000006ebe6ff410:   0000000000000129 000001b3dd530181
0x0000006ebe6ff420:   0000000000000029 000000005b569d99
0x0000006ebe6ff430:   000001b3dd530220 0000006ebe6ff590
0x0000006ebe6ff440:   0000006ebe6ff490 00000000000000a7
0x0000006ebe6ff450:   000001b3dd530220 000001b3ddb5f000
0x0000006ebe6ff460:   000001b3dd530220 000001b3ddb5f000
0x0000006ebe6ff470:   0000012c00000129 000000a700000149
0x0000006ebe6ff480:   0000000000000000 00000000000000a7
0x0000006ebe6ff490:   0000000000000000 0000000000000000
0x0000006ebe6ff4a0:   000001b3dd9660e8 000001b3dd965d10 

Instructions: (pc=0x000000005b565a53)
0x000000005b565a33:   83 ec 20 4c 8b 89 90 00 00 00 48 8b d9 48 63 d2
0x000000005b565a43:   0f b6 c2 4c 8b d2 24 3f 49 c1 ea 06 44 0f b6 c0
0x000000005b565a53:   4b 8b 04 d1 4c 0f a3 c0 72 0f 48 83 c1 70 41 b0
0x000000005b565a63:   01 e8 37 53 16 00 ff 43 6c 48 83 c4 20 5b c3 cc 


Register to memory mapping:

RAX=0x000000000000003f is an unknown value
RBX=0x0000006ebe6ff590 is an unknown value
RCX=0x0000006ebe6ff590 is an unknown value
RDX=0xffffffffffffcb3f is an unknown value
RSP=0x0000006ebe6ff3b0 is an unknown value
RBP=0x0000000000000000 is an unknown value
RSI=0x00000000000000a7 is an unknown value
RDI=0x0000000000000029 is an unknown value
R8 =0x000000000000003f is an unknown value
R9 =0x000001b3dd965db0 is an unknown value
R10=0x03ffffffffffff2c is an unknown value
R11=0x000001b3dd530151 is pointing into metadata
R12=0x000001b3dd965d10 is an unknown value
R13=0x0000000000000000 is an unknown value
R14=0x000000005b565a30 is an unknown value
R15=0x0000000000000129 is an unknown value


Stack: [0x0000006ebe600000,0x0000006ebe700000],  sp=0x0000006ebe6ff3b0,  free space=1020k
Native frames: (J=compiled Java code, j=interpreted, Vv=VM code, C=native code)

VM_Operation (0x0000006ebebff3c0): GetOrSetLocal, mode: safepoint, requested by thread 0x000001b3ddbd4800


---------------  P R O C E S S  ---------------

Java Threads: ( => current thread )
  0x000001b3e04f0000 JavaThread "Service Thread" daemon [_thread_blocked, id=20056, stack(0x0000006ebf200000,0x0000006ebf300000)]
  0x000001b3e0441000 JavaThread "C1 CompilerThread3" daemon [_thread_blocked, id=24524, stack(0x0000006ebf100000,0x0000006ebf200000)]
  0x000001b3e043e000 JavaThread "C2 CompilerThread2" daemon [_thread_blocked, id=21968, stack(0x0000006ebf000000,0x0000006ebf100000)]
  0x000001b3e0439000 JavaThread "C2 CompilerThread1" daemon [_thread_blocked, id=24076, stack(0x0000006ebef00000,0x0000006ebf000000)]
  0x000001b3e0438000 JavaThread "C2 CompilerThread0" daemon [_thread_blocked, id=10164, stack(0x0000006ebee00000,0x0000006ebef00000)]
  0x000001b3ddbe0800 JavaThread "JDWP Command Reader" daemon [_thread_in_native, id=9936, stack(0x0000006ebed00000,0x0000006ebee00000)]
  0x000001b3ddbd9800 JavaThread "JDWP Event Helper Thread" daemon [_thread_blocked, id=24620, stack(0x0000006ebec00000,0x0000006ebed00000)]
  0x000001b3ddbd4800 JavaThread "JDWP Transport Listener: dt_socket" daemon [_thread_blocked, id=12424, stack(0x0000006ebeb00000,0x0000006ebec00000)]
  0x000001b3ddbb6800 JavaThread "Attach Listener" daemon [_thread_blocked, id=27472, stack(0x0000006ebea00000,0x0000006ebeb00000)]
  0x000001b3ddbb2000 JavaThread "Signal Dispatcher" daemon [_thread_blocked, id=11376, stack(0x0000006ebe900000,0x0000006ebea00000)]
  0x000001b3ddb92800 JavaThread "Finalizer" daemon [_thread_blocked, id=10492, stack(0x0000006ebe800000,0x0000006ebe900000)]
  0x000001b3ddb6b800 JavaThread "Reference Handler" daemon [_thread_blocked, id=4528, stack(0x0000006ebe700000,0x0000006ebe800000)]
  0x000001b3c7897000 JavaThread "main" [_thread_blocked, id=22820, stack(0x0000006ebdb00000,0x0000006ebdc00000)]

Other Threads:
=>0x000001b3ddb5f000 VMThread [stack: 0x0000006ebe600000,0x0000006ebe700000] [id=11160]
  0x000001b3e0558000 WatcherThread [stack: 0x0000006ebf300000,0x0000006ebf400000] [id=10192]

VM state:at safepoint (normal execution)

VM Mutex/Monitor currently owned by a thread:  ([mutex/lock_event])
[0x000001b3c78931b0] Threads_lock - owner thread: 0x000001b3ddb5f000

heap address: 0x0000000081400000, size: 2028 MB, Compressed Oops mode: 32-bit
Narrow klass base: 0x0000000000000000, Narrow klass shift: 3
Compressed class space size: 1073741824 Address: 0x0000000100000000

Heap:
 PSYoungGen      total 38400K, used 8584K [0x00000000d5c00000, 0x00000000d8680000, 0x0000000100000000)
  eden space 33280K, 25% used [0x00000000d5c00000,0x00000000d6462000,0x00000000d7c80000)
  from space 5120K, 0% used [0x00000000d8180000,0x00000000d8180000,0x00000000d8680000)
  to   space 5120K, 0% used [0x00000000d7c80000,0x00000000d7c80000,0x00000000d8180000)
 ParOldGen       total 87552K, used 0K [0x0000000081400000, 0x0000000086980000, 0x00000000d5c00000)
  object space 87552K, 0% used [0x0000000081400000,0x0000000081400000,0x0000000086980000)
 Metaspace       used 5658K, capacity 5714K, committed 5760K, reserved 1056768K
  class space    used 607K, capacity 625K, committed 640K, reserved 1048576K

Card table byte_map: [0x000001b3d86e0000,0x000001b3d8ae0000] byte_map_base: 0x000001b3d82d6000

Marking Bits: (ParMarkBitMap*) 0x000000005bc47fe0
 Begin Bits: [0x000001b3d8d90000, 0x000001b3dad40000)
 End Bits:   [0x000001b3dad40000, 0x000001b3dccf0000)

Polling page: 0x000001b3c7a60000

CodeCache: size=245760Kb used=1538Kb max_used=1549Kb free=244221Kb
 bounds [0x000001b3c9320000, 0x000001b3c9590000, 0x000001b3d8320000]
 total_blobs=508 nmethods=212 adapters=217
 compilation: enabled

Compilation events (10 events):
Event: 516.482 Thread 0x000001b3e0441000  208       3       org.eclipse.jdt.launching.internal.org.objectweb.asm.SymbolTable$Entry::<init> (18 bytes)
Event: 516.482 Thread 0x000001b3e0441000 nmethod 208 0x000001b3c949f890 code [0x000001b3c949fa00, 0x000001b3c949fbf0]
Event: 516.482 Thread 0x000001b3e0441000  209       3       org.eclipse.jdt.launching.internal.org.objectweb.asm.ClassReader::readInt (52 bytes)
Event: 516.482 Thread 0x000001b3e0441000 nmethod 209 0x000001b3c949fcd0 code [0x000001b3c949fe40, 0x000001b3c94a0058]
Event: 516.482 Thread 0x000001b3e0441000  210       1       org.eclipse.jdt.launching.internal.org.objectweb.asm.MethodWriter::hasAsmInstructions (5 bytes)
Event: 516.482 Thread 0x000001b3e0441000 nmethod 210 0x000001b3c9498d50 code [0x000001b3c9498ea0, 0x000001b3c9498fb8]
Event: 539.930 Thread 0x000001b3e0439000  211       4       org.eclipse.jdt.launching.internal.org.objectweb.asm.ClassReader::readUtf (161 bytes)
Event: 539.942 Thread 0x000001b3e0439000 nmethod 211 0x000001b3c94a3790 code [0x000001b3c94a3900, 0x000001b3c94a4318]
Event: 573.783 Thread 0x000001b3e0441000  212       3       java.util.HashMap$HashIterator::nextNode (100 bytes)
Event: 573.784 Thread 0x000001b3e0441000 nmethod 212 0x000001b3c94a2ed0 code [0x000001b3c94a3080, 0x000001b3c94a3540]

GC Heap History (0 events):
No events

Deoptimization events (4 events):
Event: 14.112 Thread 0x000001b3c7897000 Uncommon trap: reason=bimorphic action=maybe_recompile pc=0x000001b3c9497d84 method=java.lang.String.valueOf(Ljava/lang/Object;)Ljava/lang/String; @ 10
Event: 14.112 Thread 0x000001b3c7897000 Uncommon trap: reason=bimorphic action=maybe_recompile pc=0x000001b3c9497d84 method=java.lang.String.valueOf(Ljava/lang/Object;)Ljava/lang/String; @ 10
Event: 14.112 Thread 0x000001b3c7897000 Uncommon trap: reason=bimorphic action=maybe_recompile pc=0x000001b3c9497d84 method=java.lang.String.valueOf(Ljava/lang/Object;)Ljava/lang/String; @ 10
Event: 14.112 Thread 0x000001b3c7897000 Uncommon trap: reason=bimorphic action=maybe_recompile pc=0x000001b3c9497d84 method=java.lang.String.valueOf(Ljava/lang/Object;)Ljava/lang/String; @ 10

Classes redefined (6 events):
Event: 233.457 Thread 0x000001b3ddb5f000 redefined class name=Tomasulo, count=1
Event: 299.866 Thread 0x000001b3ddb5f000 redefined class name=Tomasulo, count=2
Event: 373.555 Thread 0x000001b3ddb5f000 redefined class name=Tomasulo, count=3
Event: 426.878 Thread 0x000001b3ddb5f000 redefined class name=Tomasulo, count=4
Event: 516.485 Thread 0x000001b3ddb5f000 redefined class name=Tomasulo, count=5
Event: 539.934 Thread 0x000001b3ddb5f000 redefined class name=Tomasulo, count=6

Internal exceptions (6 events):
Event: 0.040 Thread 0x000001b3c7897000 Exception <a 'java/lang/NoSuchMethodError': Method sun.misc.Unsafe.defineClass(Ljava/lang/String;[BII)Ljava/lang/Class; name or signature does not match> (0x00000000d5c07cc0) thrown at [C:\jenkins\workspace\8-2-build-windows-amd64-cygwin\jdk8u271\605\hots
Event: 0.040 Thread 0x000001b3c7897000 Exception <a 'java/lang/NoSuchMethodError': Method sun.misc.Unsafe.prefetchRead(Ljava/lang/Object;J)V name or signature does not match> (0x00000000d5c07fa8) thrown at [C:\jenkins\workspace\8-2-build-windows-amd64-cygwin\jdk8u271\605\hotspot\src\share\vm\p
Event: 0.553 Thread 0x000001b3c7897000 Exception <a 'java/security/PrivilegedActionException'> (0x00000000d625a958) thrown at [C:\jenkins\workspace\8-2-build-windows-amd64-cygwin\jdk8u271\605\hotspot\src\share\vm\prims\jvm.cpp, line 1512]
Event: 0.553 Thread 0x000001b3c7897000 Exception <a 'java/security/PrivilegedActionException'> (0x00000000d625ad50) thrown at [C:\jenkins\workspace\8-2-build-windows-amd64-cygwin\jdk8u271\605\hotspot\src\share\vm\prims\jvm.cpp, line 1512]
Event: 0.554 Thread 0x000001b3c7897000 Exception <a 'java/security/PrivilegedActionException'> (0x00000000d625eba8) thrown at [C:\jenkins\workspace\8-2-build-windows-amd64-cygwin\jdk8u271\605\hotspot\src\share\vm\prims\jvm.cpp, line 1512]
Event: 0.554 Thread 0x000001b3c7897000 Exception <a 'java/security/PrivilegedActionException'> (0x00000000d625efa0) thrown at [C:\jenkins\workspace\8-2-build-windows-amd64-cygwin\jdk8u271\605\hotspot\src\share\vm\prims\jvm.cpp, line 1512]

Events (10 events):
Event: 540.168 Executing VM operation: GetCurrentContendedMonitor done
Event: 556.297 Executing VM operation: GetCurrentContendedMonitor
Event: 556.297 Executing VM operation: GetCurrentContendedMonitor done
Event: 556.297 Executing VM operation: GetOwnedMonitorInfo
Event: 556.297 Executing VM operation: GetOwnedMonitorInfo done
Event: 563.917 Executing VM operation: GetCurrentContendedMonitor
Event: 563.917 Executing VM operation: GetCurrentContendedMonitor done
Event: 563.917 Executing VM operation: GetOwnedMonitorInfo
Event: 563.917 Executing VM operation: GetOwnedMonitorInfo done
Event: 578.676 Executing VM operation: GetOrSetLocal


Dynamic libraries:
0x00007ff611fd0000 - 0x00007ff612017000 	C:\Program Files\Java\jre1.8.0_261\bin\javaw.exe
0x00007fff02d50000 - 0x00007fff02f45000 	C:\WINDOWS\SYSTEM32\ntdll.dll
0x00007fff02c50000 - 0x00007fff02d0e000 	C:\WINDOWS\System32\KERNEL32.DLL
0x00007fff008c0000 - 0x00007fff00b88000 	C:\WINDOWS\System32\KERNELBASE.dll
0x00007fff022f0000 - 0x00007fff0239c000 	C:\WINDOWS\System32\ADVAPI32.dll
0x00007fff02110000 - 0x00007fff021ae000 	C:\WINDOWS\System32\msvcrt.dll
0x00007fff02470000 - 0x00007fff0250b000 	C:\WINDOWS\System32\sechost.dll
0x00007fff01690000 - 0x00007fff017ba000 	C:\WINDOWS\System32\RPCRT4.dll
0x00007fff01c90000 - 0x00007fff01e31000 	C:\WINDOWS\System32\USER32.dll
0x00007fff00890000 - 0x00007fff008b2000 	C:\WINDOWS\System32\win32u.dll
0x00007fff00f20000 - 0x00007fff00f4b000 	C:\WINDOWS\System32\GDI32.dll
0x00007fff00780000 - 0x00007fff0088b000 	C:\WINDOWS\System32\gdi32full.dll
0x00007fff00d00000 - 0x00007fff00d9d000 	C:\WINDOWS\System32\msvcp_win.dll
0x00007fff00470000 - 0x00007fff00570000 	C:\WINDOWS\System32\ucrtbase.dll
0x00007ffef1150000 - 0x00007ffef13ea000 	C:\WINDOWS\WinSxS\amd64_microsoft.windows.common-controls_6595b64144ccf1df_6.0.19041.1110_none_60b5254171f9507e\COMCTL32.dll
0x00007fff01c50000 - 0x00007fff01c80000 	C:\WINDOWS\System32\IMM32.DLL
0x00007ffefa2f0000 - 0x00007ffefa305000 	C:\Program Files\Java\jre1.8.0_261\bin\vcruntime140.dll
0x00007ffed47a0000 - 0x00007ffed483b000 	C:\Program Files\Java\jre1.8.0_261\bin\msvcp140.dll
0x000000005b450000 - 0x000000005bcbf000 	C:\Program Files\Java\jre1.8.0_261\bin\server\jvm.dll
0x00007fff01c80000 - 0x00007fff01c88000 	C:\WINDOWS\System32\PSAPI.DLL
0x00007ffee4c40000 - 0x00007ffee4c49000 	C:\WINDOWS\SYSTEM32\WSOCK32.dll
0x00007ffef53f0000 - 0x00007ffef5417000 	C:\WINDOWS\SYSTEM32\WINMM.dll
0x00007ffef5880000 - 0x00007ffef588a000 	C:\WINDOWS\SYSTEM32\VERSION.dll
0x00007fff02030000 - 0x00007fff0209b000 	C:\WINDOWS\System32\WS2_32.dll
0x00007ffefe400000 - 0x00007ffefe412000 	C:\WINDOWS\SYSTEM32\kernel.appcore.dll
0x00007ffefb150000 - 0x00007ffefb160000 	C:\Program Files\Java\jre1.8.0_261\bin\verify.dll
0x00007ffed46f0000 - 0x00007ffed471b000 	C:\Program Files\Java\jre1.8.0_261\bin\java.dll
0x00007ffed8a50000 - 0x00007ffed8a86000 	C:\Program Files\Java\jre1.8.0_261\bin\jdwp.dll
0x00007ffefb0d0000 - 0x00007ffefb0d9000 	C:\Program Files\Java\jre1.8.0_261\bin\npt.dll
0x00007ffed89b0000 - 0x00007ffed89e0000 	C:\Program Files\Java\jre1.8.0_261\bin\instrument.dll
0x00007ffed5470000 - 0x00007ffed5488000 	C:\Program Files\Java\jre1.8.0_261\bin\zip.dll
0x00007fff02510000 - 0x00007fff02c4f000 	C:\WINDOWS\System32\SHELL32.dll
0x00007ffefe570000 - 0x00007ffefed00000 	C:\WINDOWS\SYSTEM32\windows.storage.dll
0x00007fff018f0000 - 0x00007fff01c45000 	C:\WINDOWS\System32\combase.dll
0x00007ffeffec0000 - 0x00007ffeffeee000 	C:\WINDOWS\SYSTEM32\Wldp.dll
0x00007fff00e70000 - 0x00007fff00f1d000 	C:\WINDOWS\System32\SHCORE.dll
0x00007fff00e00000 - 0x00007fff00e55000 	C:\WINDOWS\System32\shlwapi.dll
0x00007fff003b0000 - 0x00007fff003cf000 	C:\WINDOWS\SYSTEM32\profapi.dll
0x00007ffefb080000 - 0x00007ffefb08a000 	C:\Program Files\Java\jre1.8.0_261\bin\dt_socket.dll
0x00007ffed5020000 - 0x00007ffed5037000 	C:\WINDOWS\system32\napinsp.dll
0x00007ffed5000000 - 0x00007ffed501b000 	C:\WINDOWS\system32\pnrpnsp.dll
0x00007ffefa840000 - 0x00007ffefa855000 	C:\WINDOWS\system32\wshbth.dll
0x00007ffefaf50000 - 0x00007ffefaf6d000 	C:\WINDOWS\system32\NLAapi.dll
0x00007ffeff8c0000 - 0x00007ffeff8fb000 	C:\WINDOWS\SYSTEM32\IPHLPAPI.DLL
0x00007ffeffc20000 - 0x00007ffeffc8a000 	C:\WINDOWS\System32\mswsock.dll
0x00007ffeff900000 - 0x00007ffeff9cb000 	C:\WINDOWS\SYSTEM32\DNSAPI.dll
0x00007fff02100000 - 0x00007fff02108000 	C:\WINDOWS\System32\NSI.dll
0x00007ffed4fe0000 - 0x00007ffed4ff2000 	C:\WINDOWS\System32\winrnr.dll
0x000000005c030000 - 0x000000005c056000 	C:\Program Files\Bonjour\mdnsNSP.dll
0x00007ffef0530000 - 0x00007ffef05af000 	C:\WINDOWS\System32\fwpuclnt.dll
0x00007fff00cd0000 - 0x00007fff00cf7000 	C:\WINDOWS\System32\bcrypt.dll
0x00007ffef8d50000 - 0x00007ffef8d5a000 	C:\Windows\System32\rasadhlp.dll
0x00007ffefe090000 - 0x00007ffefe274000 	C:\WINDOWS\SYSTEM32\dbghelp.dll
0x00007fff00c40000 - 0x00007fff00cc3000 	C:\WINDOWS\System32\bcryptPrimitives.dll

VM Arguments:
jvm_args: -agentlib:jdwp=transport=dt_socket,suspend=y,address=localhost:50780 -javaagent:C:\Users\youss\eclipse\java-2020-06\eclipse\configuration\org.eclipse.osgi\222\0\.cp\lib\javaagent-shaded.jar -Dfile.encoding=Cp1252 
java_command: Tomasulo
java_class_path (initial): C:\Users\youss\eclipse-workspace\Tomasulo\bin;C:\Users\youss\eclipse\java-2020-06\eclipse\configuration\org.eclipse.osgi\222\0\.cp\lib\javaagent-shaded.jar
Launcher Type: SUN_STANDARD

Environment Variables:
PATH=C:/Program Files/Java/jre1.8.0_261/bin/server;C:/Program Files/Java/jre1.8.0_261/bin;C:/Program Files/Java/jre1.8.0_261/lib/amd64;C:\Python39\Scripts\;C:\Python39\;C:\Program Files (x86)\Common Files\Oracle\Java\javapath;C:\Windows\system32;C:\Windows;C:\Windows\System32\Wbem;C:\Windows\System32\WindowsPowerShell\v1.0\;C:\Windows\System32\OpenSSH\;C:\Program Files (x86)\NVIDIA Corporation\PhysX\Common;C:\Program Files\NVIDIA Corporation\NVIDIA NvDLISR;C:\WINDOWS\system32;C:\WINDOWS;C:\WINDOWS\System32\Wbem;C:\WINDOWS\System32\WindowsPowerShell\v1.0\;C:\WINDOWS\System32\OpenSSH\;C:\Program Files\Microsoft SQL Server\Client SDK\ODBC\130\Tools\Binn\;C:\Program Files (x86)\Microsoft SQL Server\140\Tools\Binn\;C:\Program Files\Microsoft SQL Server\140\Tools\Binn\;C:\Program Files\Microsoft SQL Server\140\DTS\Binn\;C:\Program Files\Microsoft SQL Server\130\Tools\Binn\;C:\Program Files\Microsoft SQL Server\Client SDK\ODBC\170\Tools\Binn\;C:\Program Files\Git\cmd;C:\Program Files\dotnet\;C:\ProgramData\chocolatey\bin;C:\Program Files\nodejs\;C:\Users\youss\AppData\Local\Microsoft\WindowsApps;;C:\Users\youss\AppData\Local\Programs\Microsoft VS Code\bin;C:\intelFPGA_lite\20.1\modelsim_ase\win32aloem;C:\Users\youss\.dotnet\tools;C:\Program Files\heroku\bin;C:\Users\youss\AppData\Roaming\npm;C:\Users\youss\OneDrive\Desktop;
USERNAME=Youssef
OS=Windows_NT
PROCESSOR_IDENTIFIER=Intel64 Family 6 Model 158 Stepping 10, GenuineIntel



---------------  S Y S T E M  ---------------

OS: Windows 10.0 , 64 bit Build 19041 (10.0.19041.1348)

CPU:total 12 (initial active 12) (6 cores per cpu, 2 threads per core) family 6 model 158 stepping 10, cmov, cx8, fxsr, mmx, sse, sse2, sse3, ssse3, sse4.1, sse4.2, popcnt, avx, avx2, aes, clmul, erms, 3dnowpref, lzcnt, ht, tsc, tscinvbit, bmi1, bmi2, adx

Memory: 4k page, physical 8305908k(2279492k free), swap 19315956k(2961748k free)

vm_info: Java HotSpot(TM) 64-Bit Server VM (25.271-b09) for windows-amd64 JRE (1.8.0_271-b09), built on Sep 16 2020 19:14:59 by "" with MS VC++ 15.9 (VS2017)

time: Fri Dec 31 01:29:35 2021
timezone: Egypt Standard Time
elapsed time: 578.718974 seconds (0d 0h 9m 38s)

